The system is: Linux - 3.10.0-1127.18.2.el7.x86_64 - x86_64
Compiling the C compiler identification source file "CMakeCCompilerId.c" succeeded.
Compiler: /share/apps/gcc/9.1.0/bin/gcc 
Build flags: 
Id flags:  

The output was:
0


Compilation of the C compiler identification source "CMakeCCompilerId.c" produced "a.out"

The C compiler identification is GNU, found in "/people/cann484/metab/CMakeFiles/3.21.4/CompilerIdC/a.out"

Compiling the CXX compiler identification source file "CMakeCXXCompilerId.cpp" succeeded.
Compiler: /share/apps/gcc/9.1.0/bin/g++ 
Build flags: 
Id flags:  

The output was:
0


Compilation of the CXX compiler identification source "CMakeCXXCompilerId.cpp" produced "a.out"

The CXX compiler identification is GNU, found in "/people/cann484/metab/CMakeFiles/3.21.4/CompilerIdCXX/a.out"

Detecting C compiler ABI info compiled with the following output:
Change Dir: /people/cann484/metab/CMakeFiles/CMakeTmp

Run Build Command(s):/usr/bin/gmake -f Makefile cmTC_bdb29/fast && /usr/bin/gmake  -f CMakeFiles/cmTC_bdb29.dir/build.make CMakeFiles/cmTC_bdb29.dir/build
gmake[1]: Entering directory `/qfs/people/cann484/metab/CMakeFiles/CMakeTmp'
Building C object CMakeFiles/cmTC_bdb29.dir/CMakeCCompilerABI.c.o
/share/apps/gcc/9.1.0/bin/gcc   -v -o CMakeFiles/cmTC_bdb29.dir/CMakeCCompilerABI.c.o -c /qfs/projects/ops/rh7_gpu/rocmapps/views/cmake/3.21.4/share/cmake-3.21/Modules/CMakeCCompilerABI.c
Using built-in specs.
COLLECT_GCC=/share/apps/gcc/9.1.0/bin/gcc
Target: x86_64-pc-linux-gnu
Configured with: ../configure --prefix=/share/apps/gcc/9.1.0 --disable-multilib
Thread model: posix
gcc version 9.1.0 (GCC) 
COLLECT_GCC_OPTIONS='-v' '-o' 'CMakeFiles/cmTC_bdb29.dir/CMakeCCompilerABI.c.o' '-c' '-mtune=generic' '-march=x86-64'
 /qfs/projects/ops/rh7_gpu/gcc/9.1.0/bin/../libexec/gcc/x86_64-pc-linux-gnu/9.1.0/cc1 -quiet -v -iprefix /qfs/projects/ops/rh7_gpu/gcc/9.1.0/bin/../lib/gcc/x86_64-pc-linux-gnu/9.1.0/ /qfs/projects/ops/rh7_gpu/rocmapps/views/cmake/3.21.4/share/cmake-3.21/Modules/CMakeCCompilerABI.c -quiet -dumpbase CMakeCCompilerABI.c -mtune=generic -march=x86-64 -auxbase-strip CMakeFiles/cmTC_bdb29.dir/CMakeCCompilerABI.c.o -version -o /tmp/ccA9iXRm.s
GNU C17 (GCC) version 9.1.0 (x86_64-pc-linux-gnu)
	compiled by GNU C version 9.1.0, GMP version 6.1.0, MPFR version 3.1.4, MPC version 1.0.3, isl version isl-0.18-GMP

GGC heuristics: --param ggc-min-expand=100 --param ggc-min-heapsize=131072
ignoring nonexistent directory "/qfs/projects/ops/rh7_gpu/gcc/9.1.0/bin/../lib/gcc/x86_64-pc-linux-gnu/9.1.0/../../../../x86_64-pc-linux-gnu/include"
ignoring duplicate directory "/qfs/projects/ops/rh7_gpu/gcc/9.1.0/bin/../lib/gcc/../../lib/gcc/x86_64-pc-linux-gnu/9.1.0/include"
ignoring duplicate directory "/qfs/projects/ops/rh7_gpu/gcc/9.1.0/bin/../lib/gcc/../../lib/gcc/x86_64-pc-linux-gnu/9.1.0/include-fixed"
ignoring nonexistent directory "/qfs/projects/ops/rh7_gpu/gcc/9.1.0/bin/../lib/gcc/../../lib/gcc/x86_64-pc-linux-gnu/9.1.0/../../../../x86_64-pc-linux-gnu/include"
#include "..." search starts here:
#include <...> search starts here:
 /qfs/projects/ops/rh7_gpu/gcc/9.1.0/bin/../lib/gcc/x86_64-pc-linux-gnu/9.1.0/include
 /qfs/projects/ops/rh7_gpu/gcc/9.1.0/bin/../lib/gcc/x86_64-pc-linux-gnu/9.1.0/include-fixed
 /usr/local/include
 /qfs/projects/ops/rh7_gpu/gcc/9.1.0/bin/../lib/gcc/../../include
 /usr/include
End of search list.
GNU C17 (GCC) version 9.1.0 (x86_64-pc-linux-gnu)
	compiled by GNU C version 9.1.0, GMP version 6.1.0, MPFR version 3.1.4, MPC version 1.0.3, isl version isl-0.18-GMP

GGC heuristics: --param ggc-min-expand=100 --param ggc-min-heapsize=131072
Compiler executable checksum: da0e8c121daa0232449952f519c6fff6
COLLECT_GCC_OPTIONS='-v' '-o' 'CMakeFiles/cmTC_bdb29.dir/CMakeCCompilerABI.c.o' '-c' '-mtune=generic' '-march=x86-64'
 as -v --64 -o CMakeFiles/cmTC_bdb29.dir/CMakeCCompilerABI.c.o /tmp/ccA9iXRm.s
GNU assembler version 2.27 (x86_64-redhat-linux) using BFD version version 2.27-43.base.el7_8.1
COMPILER_PATH=/qfs/projects/ops/rh7_gpu/gcc/9.1.0/bin/../libexec/gcc/x86_64-pc-linux-gnu/9.1.0/:/qfs/projects/ops/rh7_gpu/gcc/9.1.0/bin/../libexec/gcc/
LIBRARY_PATH=/qfs/projects/ops/rh7_gpu/gcc/9.1.0/bin/../lib/gcc/x86_64-pc-linux-gnu/9.1.0/:/qfs/projects/ops/rh7_gpu/gcc/9.1.0/bin/../lib/gcc/:/qfs/projects/ops/rh7_gpu/gcc/9.1.0/bin/../lib/gcc/x86_64-pc-linux-gnu/9.1.0/../../../../lib64/:/lib/../lib64/:/usr/lib/../lib64/:/qfs/projects/ops/rh7_gpu/gcc/9.1.0/bin/../lib/gcc/x86_64-pc-linux-gnu/9.1.0/../../../:/lib/:/usr/lib/
COLLECT_GCC_OPTIONS='-v' '-o' 'CMakeFiles/cmTC_bdb29.dir/CMakeCCompilerABI.c.o' '-c' '-mtune=generic' '-march=x86-64'
Linking C executable cmTC_bdb29
/qfs/projects/ops/rh7_gpu/rocmapps/views/cmake/3.21.4/bin/cmake -E cmake_link_script CMakeFiles/cmTC_bdb29.dir/link.txt --verbose=1
/share/apps/gcc/9.1.0/bin/gcc  -v -rdynamic CMakeFiles/cmTC_bdb29.dir/CMakeCCompilerABI.c.o -o cmTC_bdb29 
Using built-in specs.
COLLECT_GCC=/share/apps/gcc/9.1.0/bin/gcc
COLLECT_LTO_WRAPPER=/qfs/projects/ops/rh7_gpu/gcc/9.1.0/bin/../libexec/gcc/x86_64-pc-linux-gnu/9.1.0/lto-wrapper
Target: x86_64-pc-linux-gnu
Configured with: ../configure --prefix=/share/apps/gcc/9.1.0 --disable-multilib
Thread model: posix
gcc version 9.1.0 (GCC) 
COMPILER_PATH=/qfs/projects/ops/rh7_gpu/gcc/9.1.0/bin/../libexec/gcc/x86_64-pc-linux-gnu/9.1.0/:/qfs/projects/ops/rh7_gpu/gcc/9.1.0/bin/../libexec/gcc/
LIBRARY_PATH=/qfs/projects/ops/rh7_gpu/gcc/9.1.0/bin/../lib/gcc/x86_64-pc-linux-gnu/9.1.0/:/qfs/projects/ops/rh7_gpu/gcc/9.1.0/bin/../lib/gcc/:/qfs/projects/ops/rh7_gpu/gcc/9.1.0/bin/../lib/gcc/x86_64-pc-linux-gnu/9.1.0/../../../../lib64/:/lib/../lib64/:/usr/lib/../lib64/:/qfs/projects/ops/rh7_gpu/gcc/9.1.0/bin/../lib/gcc/x86_64-pc-linux-gnu/9.1.0/../../../:/lib/:/usr/lib/
COLLECT_GCC_OPTIONS='-v' '-rdynamic' '-o' 'cmTC_bdb29' '-mtune=generic' '-march=x86-64'
 /qfs/projects/ops/rh7_gpu/gcc/9.1.0/bin/../libexec/gcc/x86_64-pc-linux-gnu/9.1.0/collect2 -plugin /qfs/projects/ops/rh7_gpu/gcc/9.1.0/bin/../libexec/gcc/x86_64-pc-linux-gnu/9.1.0/liblto_plugin.so -plugin-opt=/qfs/projects/ops/rh7_gpu/gcc/9.1.0/bin/../libexec/gcc/x86_64-pc-linux-gnu/9.1.0/lto-wrapper -plugin-opt=-fresolution=/tmp/ccfhXSkp.res -plugin-opt=-pass-through=-lgcc -plugin-opt=-pass-through=-lgcc_s -plugin-opt=-pass-through=-lc -plugin-opt=-pass-through=-lgcc -plugin-opt=-pass-through=-lgcc_s --eh-frame-hdr -m elf_x86_64 -export-dynamic -dynamic-linker /lib64/ld-linux-x86-64.so.2 -o cmTC_bdb29 /lib/../lib64/crt1.o /lib/../lib64/crti.o /qfs/projects/ops/rh7_gpu/gcc/9.1.0/bin/../lib/gcc/x86_64-pc-linux-gnu/9.1.0/crtbegin.o -L/qfs/projects/ops/rh7_gpu/gcc/9.1.0/bin/../lib/gcc/x86_64-pc-linux-gnu/9.1.0 -L/qfs/projects/ops/rh7_gpu/gcc/9.1.0/bin/../lib/gcc -L/qfs/projects/ops/rh7_gpu/gcc/9.1.0/bin/../lib/gcc/x86_64-pc-linux-gnu/9.1.0/../../../../lib64 -L/lib/../lib64 -L/usr/lib/../lib64 -L/qfs/projects/ops/rh7_gpu/gcc/9.1.0/bin/../lib/gcc/x86_64-pc-linux-gnu/9.1.0/../../.. CMakeFiles/cmTC_bdb29.dir/CMakeCCompilerABI.c.o -lgcc --as-needed -lgcc_s --no-as-needed -lc -lgcc --as-needed -lgcc_s --no-as-needed /qfs/projects/ops/rh7_gpu/gcc/9.1.0/bin/../lib/gcc/x86_64-pc-linux-gnu/9.1.0/crtend.o /lib/../lib64/crtn.o
COLLECT_GCC_OPTIONS='-v' '-rdynamic' '-o' 'cmTC_bdb29' '-mtune=generic' '-march=x86-64'
gmake[1]: Leaving directory `/qfs/people/cann484/metab/CMakeFiles/CMakeTmp'



Parsed C implicit include dir info from above output: rv=done
  found start of include info
  found start of implicit include info
    add: [/qfs/projects/ops/rh7_gpu/gcc/9.1.0/bin/../lib/gcc/x86_64-pc-linux-gnu/9.1.0/include]
    add: [/qfs/projects/ops/rh7_gpu/gcc/9.1.0/bin/../lib/gcc/x86_64-pc-linux-gnu/9.1.0/include-fixed]
    add: [/usr/local/include]
    add: [/qfs/projects/ops/rh7_gpu/gcc/9.1.0/bin/../lib/gcc/../../include]
    add: [/usr/include]
  end of search list found
  collapse include dir [/qfs/projects/ops/rh7_gpu/gcc/9.1.0/bin/../lib/gcc/x86_64-pc-linux-gnu/9.1.0/include] ==> [/qfs/projects/ops/rh7_gpu/gcc/9.1.0/lib/gcc/x86_64-pc-linux-gnu/9.1.0/include]
  collapse include dir [/qfs/projects/ops/rh7_gpu/gcc/9.1.0/bin/../lib/gcc/x86_64-pc-linux-gnu/9.1.0/include-fixed] ==> [/qfs/projects/ops/rh7_gpu/gcc/9.1.0/lib/gcc/x86_64-pc-linux-gnu/9.1.0/include-fixed]
  collapse include dir [/usr/local/include] ==> [/usr/local/include]
  collapse include dir [/qfs/projects/ops/rh7_gpu/gcc/9.1.0/bin/../lib/gcc/../../include] ==> [/qfs/projects/ops/rh7_gpu/gcc/9.1.0/include]
  collapse include dir [/usr/include] ==> [/usr/include]
  implicit include dirs: [/qfs/projects/ops/rh7_gpu/gcc/9.1.0/lib/gcc/x86_64-pc-linux-gnu/9.1.0/include;/qfs/projects/ops/rh7_gpu/gcc/9.1.0/lib/gcc/x86_64-pc-linux-gnu/9.1.0/include-fixed;/usr/local/include;/qfs/projects/ops/rh7_gpu/gcc/9.1.0/include;/usr/include]


Parsed C implicit link information from above output:
  link line regex: [^( *|.*[/\])(ld|CMAKE_LINK_STARTFILE-NOTFOUND|([^/\]+-)?ld|collect2)[^/\]*( |$)]
  ignore line: [Change Dir: /people/cann484/metab/CMakeFiles/CMakeTmp]
  ignore line: []
  ignore line: [Run Build Command(s):/usr/bin/gmake -f Makefile cmTC_bdb29/fast && /usr/bin/gmake  -f CMakeFiles/cmTC_bdb29.dir/build.make CMakeFiles/cmTC_bdb29.dir/build]
  ignore line: [gmake[1]: Entering directory `/qfs/people/cann484/metab/CMakeFiles/CMakeTmp']
  ignore line: [Building C object CMakeFiles/cmTC_bdb29.dir/CMakeCCompilerABI.c.o]
  ignore line: [/share/apps/gcc/9.1.0/bin/gcc   -v -o CMakeFiles/cmTC_bdb29.dir/CMakeCCompilerABI.c.o -c /qfs/projects/ops/rh7_gpu/rocmapps/views/cmake/3.21.4/share/cmake-3.21/Modules/CMakeCCompilerABI.c]
  ignore line: [Using built-in specs.]
  ignore line: [COLLECT_GCC=/share/apps/gcc/9.1.0/bin/gcc]
  ignore line: [Target: x86_64-pc-linux-gnu]
  ignore line: [Configured with: ../configure --prefix=/share/apps/gcc/9.1.0 --disable-multilib]
  ignore line: [Thread model: posix]
  ignore line: [gcc version 9.1.0 (GCC) ]
  ignore line: [COLLECT_GCC_OPTIONS='-v' '-o' 'CMakeFiles/cmTC_bdb29.dir/CMakeCCompilerABI.c.o' '-c' '-mtune=generic' '-march=x86-64']
  ignore line: [ /qfs/projects/ops/rh7_gpu/gcc/9.1.0/bin/../libexec/gcc/x86_64-pc-linux-gnu/9.1.0/cc1 -quiet -v -iprefix /qfs/projects/ops/rh7_gpu/gcc/9.1.0/bin/../lib/gcc/x86_64-pc-linux-gnu/9.1.0/ /qfs/projects/ops/rh7_gpu/rocmapps/views/cmake/3.21.4/share/cmake-3.21/Modules/CMakeCCompilerABI.c -quiet -dumpbase CMakeCCompilerABI.c -mtune=generic -march=x86-64 -auxbase-strip CMakeFiles/cmTC_bdb29.dir/CMakeCCompilerABI.c.o -version -o /tmp/ccA9iXRm.s]
  ignore line: [GNU C17 (GCC) version 9.1.0 (x86_64-pc-linux-gnu)]
  ignore line: [	compiled by GNU C version 9.1.0  GMP version 6.1.0  MPFR version 3.1.4  MPC version 1.0.3  isl version isl-0.18-GMP]
  ignore line: []
  ignore line: [GGC heuristics: --param ggc-min-expand=100 --param ggc-min-heapsize=131072]
  ignore line: [ignoring nonexistent directory "/qfs/projects/ops/rh7_gpu/gcc/9.1.0/bin/../lib/gcc/x86_64-pc-linux-gnu/9.1.0/../../../../x86_64-pc-linux-gnu/include"]
  ignore line: [ignoring duplicate directory "/qfs/projects/ops/rh7_gpu/gcc/9.1.0/bin/../lib/gcc/../../lib/gcc/x86_64-pc-linux-gnu/9.1.0/include"]
  ignore line: [ignoring duplicate directory "/qfs/projects/ops/rh7_gpu/gcc/9.1.0/bin/../lib/gcc/../../lib/gcc/x86_64-pc-linux-gnu/9.1.0/include-fixed"]
  ignore line: [ignoring nonexistent directory "/qfs/projects/ops/rh7_gpu/gcc/9.1.0/bin/../lib/gcc/../../lib/gcc/x86_64-pc-linux-gnu/9.1.0/../../../../x86_64-pc-linux-gnu/include"]
  ignore line: [#include "..." search starts here:]
  ignore line: [#include <...> search starts here:]
  ignore line: [ /qfs/projects/ops/rh7_gpu/gcc/9.1.0/bin/../lib/gcc/x86_64-pc-linux-gnu/9.1.0/include]
  ignore line: [ /qfs/projects/ops/rh7_gpu/gcc/9.1.0/bin/../lib/gcc/x86_64-pc-linux-gnu/9.1.0/include-fixed]
  ignore line: [ /usr/local/include]
  ignore line: [ /qfs/projects/ops/rh7_gpu/gcc/9.1.0/bin/../lib/gcc/../../include]
  ignore line: [ /usr/include]
  ignore line: [End of search list.]
  ignore line: [GNU C17 (GCC) version 9.1.0 (x86_64-pc-linux-gnu)]
  ignore line: [	compiled by GNU C version 9.1.0  GMP version 6.1.0  MPFR version 3.1.4  MPC version 1.0.3  isl version isl-0.18-GMP]
  ignore line: []
  ignore line: [GGC heuristics: --param ggc-min-expand=100 --param ggc-min-heapsize=131072]
  ignore line: [Compiler executable checksum: da0e8c121daa0232449952f519c6fff6]
  ignore line: [COLLECT_GCC_OPTIONS='-v' '-o' 'CMakeFiles/cmTC_bdb29.dir/CMakeCCompilerABI.c.o' '-c' '-mtune=generic' '-march=x86-64']
  ignore line: [ as -v --64 -o CMakeFiles/cmTC_bdb29.dir/CMakeCCompilerABI.c.o /tmp/ccA9iXRm.s]
  ignore line: [GNU assembler version 2.27 (x86_64-redhat-linux) using BFD version version 2.27-43.base.el7_8.1]
  ignore line: [COMPILER_PATH=/qfs/projects/ops/rh7_gpu/gcc/9.1.0/bin/../libexec/gcc/x86_64-pc-linux-gnu/9.1.0/:/qfs/projects/ops/rh7_gpu/gcc/9.1.0/bin/../libexec/gcc/]
  ignore line: [LIBRARY_PATH=/qfs/projects/ops/rh7_gpu/gcc/9.1.0/bin/../lib/gcc/x86_64-pc-linux-gnu/9.1.0/:/qfs/projects/ops/rh7_gpu/gcc/9.1.0/bin/../lib/gcc/:/qfs/projects/ops/rh7_gpu/gcc/9.1.0/bin/../lib/gcc/x86_64-pc-linux-gnu/9.1.0/../../../../lib64/:/lib/../lib64/:/usr/lib/../lib64/:/qfs/projects/ops/rh7_gpu/gcc/9.1.0/bin/../lib/gcc/x86_64-pc-linux-gnu/9.1.0/../../../:/lib/:/usr/lib/]
  ignore line: [COLLECT_GCC_OPTIONS='-v' '-o' 'CMakeFiles/cmTC_bdb29.dir/CMakeCCompilerABI.c.o' '-c' '-mtune=generic' '-march=x86-64']
  ignore line: [Linking C executable cmTC_bdb29]
  ignore line: [/qfs/projects/ops/rh7_gpu/rocmapps/views/cmake/3.21.4/bin/cmake -E cmake_link_script CMakeFiles/cmTC_bdb29.dir/link.txt --verbose=1]
  ignore line: [/share/apps/gcc/9.1.0/bin/gcc  -v -rdynamic CMakeFiles/cmTC_bdb29.dir/CMakeCCompilerABI.c.o -o cmTC_bdb29 ]
  ignore line: [Using built-in specs.]
  ignore line: [COLLECT_GCC=/share/apps/gcc/9.1.0/bin/gcc]
  ignore line: [COLLECT_LTO_WRAPPER=/qfs/projects/ops/rh7_gpu/gcc/9.1.0/bin/../libexec/gcc/x86_64-pc-linux-gnu/9.1.0/lto-wrapper]
  ignore line: [Target: x86_64-pc-linux-gnu]
  ignore line: [Configured with: ../configure --prefix=/share/apps/gcc/9.1.0 --disable-multilib]
  ignore line: [Thread model: posix]
  ignore line: [gcc version 9.1.0 (GCC) ]
  ignore line: [COMPILER_PATH=/qfs/projects/ops/rh7_gpu/gcc/9.1.0/bin/../libexec/gcc/x86_64-pc-linux-gnu/9.1.0/:/qfs/projects/ops/rh7_gpu/gcc/9.1.0/bin/../libexec/gcc/]
  ignore line: [LIBRARY_PATH=/qfs/projects/ops/rh7_gpu/gcc/9.1.0/bin/../lib/gcc/x86_64-pc-linux-gnu/9.1.0/:/qfs/projects/ops/rh7_gpu/gcc/9.1.0/bin/../lib/gcc/:/qfs/projects/ops/rh7_gpu/gcc/9.1.0/bin/../lib/gcc/x86_64-pc-linux-gnu/9.1.0/../../../../lib64/:/lib/../lib64/:/usr/lib/../lib64/:/qfs/projects/ops/rh7_gpu/gcc/9.1.0/bin/../lib/gcc/x86_64-pc-linux-gnu/9.1.0/../../../:/lib/:/usr/lib/]
  ignore line: [COLLECT_GCC_OPTIONS='-v' '-rdynamic' '-o' 'cmTC_bdb29' '-mtune=generic' '-march=x86-64']
  link line: [ /qfs/projects/ops/rh7_gpu/gcc/9.1.0/bin/../libexec/gcc/x86_64-pc-linux-gnu/9.1.0/collect2 -plugin /qfs/projects/ops/rh7_gpu/gcc/9.1.0/bin/../libexec/gcc/x86_64-pc-linux-gnu/9.1.0/liblto_plugin.so -plugin-opt=/qfs/projects/ops/rh7_gpu/gcc/9.1.0/bin/../libexec/gcc/x86_64-pc-linux-gnu/9.1.0/lto-wrapper -plugin-opt=-fresolution=/tmp/ccfhXSkp.res -plugin-opt=-pass-through=-lgcc -plugin-opt=-pass-through=-lgcc_s -plugin-opt=-pass-through=-lc -plugin-opt=-pass-through=-lgcc -plugin-opt=-pass-through=-lgcc_s --eh-frame-hdr -m elf_x86_64 -export-dynamic -dynamic-linker /lib64/ld-linux-x86-64.so.2 -o cmTC_bdb29 /lib/../lib64/crt1.o /lib/../lib64/crti.o /qfs/projects/ops/rh7_gpu/gcc/9.1.0/bin/../lib/gcc/x86_64-pc-linux-gnu/9.1.0/crtbegin.o -L/qfs/projects/ops/rh7_gpu/gcc/9.1.0/bin/../lib/gcc/x86_64-pc-linux-gnu/9.1.0 -L/qfs/projects/ops/rh7_gpu/gcc/9.1.0/bin/../lib/gcc -L/qfs/projects/ops/rh7_gpu/gcc/9.1.0/bin/../lib/gcc/x86_64-pc-linux-gnu/9.1.0/../../../../lib64 -L/lib/../lib64 -L/usr/lib/../lib64 -L/qfs/projects/ops/rh7_gpu/gcc/9.1.0/bin/../lib/gcc/x86_64-pc-linux-gnu/9.1.0/../../.. CMakeFiles/cmTC_bdb29.dir/CMakeCCompilerABI.c.o -lgcc --as-needed -lgcc_s --no-as-needed -lc -lgcc --as-needed -lgcc_s --no-as-needed /qfs/projects/ops/rh7_gpu/gcc/9.1.0/bin/../lib/gcc/x86_64-pc-linux-gnu/9.1.0/crtend.o /lib/../lib64/crtn.o]
    arg [/qfs/projects/ops/rh7_gpu/gcc/9.1.0/bin/../libexec/gcc/x86_64-pc-linux-gnu/9.1.0/collect2] ==> ignore
    arg [-plugin] ==> ignore
    arg [/qfs/projects/ops/rh7_gpu/gcc/9.1.0/bin/../libexec/gcc/x86_64-pc-linux-gnu/9.1.0/liblto_plugin.so] ==> ignore
    arg [-plugin-opt=/qfs/projects/ops/rh7_gpu/gcc/9.1.0/bin/../libexec/gcc/x86_64-pc-linux-gnu/9.1.0/lto-wrapper] ==> ignore
    arg [-plugin-opt=-fresolution=/tmp/ccfhXSkp.res] ==> ignore
    arg [-plugin-opt=-pass-through=-lgcc] ==> ignore
    arg [-plugin-opt=-pass-through=-lgcc_s] ==> ignore
    arg [-plugin-opt=-pass-through=-lc] ==> ignore
    arg [-plugin-opt=-pass-through=-lgcc] ==> ignore
    arg [-plugin-opt=-pass-through=-lgcc_s] ==> ignore
    arg [--eh-frame-hdr] ==> ignore
    arg [-m] ==> ignore
    arg [elf_x86_64] ==> ignore
    arg [-export-dynamic] ==> ignore
    arg [-dynamic-linker] ==> ignore
    arg [/lib64/ld-linux-x86-64.so.2] ==> ignore
    arg [-o] ==> ignore
    arg [cmTC_bdb29] ==> ignore
    arg [/lib/../lib64/crt1.o] ==> obj [/lib/../lib64/crt1.o]
    arg [/lib/../lib64/crti.o] ==> obj [/lib/../lib64/crti.o]
    arg [/qfs/projects/ops/rh7_gpu/gcc/9.1.0/bin/../lib/gcc/x86_64-pc-linux-gnu/9.1.0/crtbegin.o] ==> obj [/qfs/projects/ops/rh7_gpu/gcc/9.1.0/bin/../lib/gcc/x86_64-pc-linux-gnu/9.1.0/crtbegin.o]
    arg [-L/qfs/projects/ops/rh7_gpu/gcc/9.1.0/bin/../lib/gcc/x86_64-pc-linux-gnu/9.1.0] ==> dir [/qfs/projects/ops/rh7_gpu/gcc/9.1.0/bin/../lib/gcc/x86_64-pc-linux-gnu/9.1.0]
    arg [-L/qfs/projects/ops/rh7_gpu/gcc/9.1.0/bin/../lib/gcc] ==> dir [/qfs/projects/ops/rh7_gpu/gcc/9.1.0/bin/../lib/gcc]
    arg [-L/qfs/projects/ops/rh7_gpu/gcc/9.1.0/bin/../lib/gcc/x86_64-pc-linux-gnu/9.1.0/../../../../lib64] ==> dir [/qfs/projects/ops/rh7_gpu/gcc/9.1.0/bin/../lib/gcc/x86_64-pc-linux-gnu/9.1.0/../../../../lib64]
    arg [-L/lib/../lib64] ==> dir [/lib/../lib64]
    arg [-L/usr/lib/../lib64] ==> dir [/usr/lib/../lib64]
    arg [-L/qfs/projects/ops/rh7_gpu/gcc/9.1.0/bin/../lib/gcc/x86_64-pc-linux-gnu/9.1.0/../../..] ==> dir [/qfs/projects/ops/rh7_gpu/gcc/9.1.0/bin/../lib/gcc/x86_64-pc-linux-gnu/9.1.0/../../..]
    arg [CMakeFiles/cmTC_bdb29.dir/CMakeCCompilerABI.c.o] ==> ignore
    arg [-lgcc] ==> lib [gcc]
    arg [--as-needed] ==> ignore
    arg [-lgcc_s] ==> lib [gcc_s]
    arg [--no-as-needed] ==> ignore
    arg [-lc] ==> lib [c]
    arg [-lgcc] ==> lib [gcc]
    arg [--as-needed] ==> ignore
    arg [-lgcc_s] ==> lib [gcc_s]
    arg [--no-as-needed] ==> ignore
    arg [/qfs/projects/ops/rh7_gpu/gcc/9.1.0/bin/../lib/gcc/x86_64-pc-linux-gnu/9.1.0/crtend.o] ==> obj [/qfs/projects/ops/rh7_gpu/gcc/9.1.0/bin/../lib/gcc/x86_64-pc-linux-gnu/9.1.0/crtend.o]
    arg [/lib/../lib64/crtn.o] ==> obj [/lib/../lib64/crtn.o]
  collapse obj [/lib/../lib64/crt1.o] ==> [/lib64/crt1.o]
  collapse obj [/lib/../lib64/crti.o] ==> [/lib64/crti.o]
  collapse obj [/qfs/projects/ops/rh7_gpu/gcc/9.1.0/bin/../lib/gcc/x86_64-pc-linux-gnu/9.1.0/crtbegin.o] ==> [/qfs/projects/ops/rh7_gpu/gcc/9.1.0/lib/gcc/x86_64-pc-linux-gnu/9.1.0/crtbegin.o]
  collapse obj [/qfs/projects/ops/rh7_gpu/gcc/9.1.0/bin/../lib/gcc/x86_64-pc-linux-gnu/9.1.0/crtend.o] ==> [/qfs/projects/ops/rh7_gpu/gcc/9.1.0/lib/gcc/x86_64-pc-linux-gnu/9.1.0/crtend.o]
  collapse obj [/lib/../lib64/crtn.o] ==> [/lib64/crtn.o]
  collapse library dir [/qfs/projects/ops/rh7_gpu/gcc/9.1.0/bin/../lib/gcc/x86_64-pc-linux-gnu/9.1.0] ==> [/qfs/projects/ops/rh7_gpu/gcc/9.1.0/lib/gcc/x86_64-pc-linux-gnu/9.1.0]
  collapse library dir [/qfs/projects/ops/rh7_gpu/gcc/9.1.0/bin/../lib/gcc] ==> [/qfs/projects/ops/rh7_gpu/gcc/9.1.0/lib/gcc]
  collapse library dir [/qfs/projects/ops/rh7_gpu/gcc/9.1.0/bin/../lib/gcc/x86_64-pc-linux-gnu/9.1.0/../../../../lib64] ==> [/qfs/projects/ops/rh7_gpu/gcc/9.1.0/lib64]
  collapse library dir [/lib/../lib64] ==> [/lib64]
  collapse library dir [/usr/lib/../lib64] ==> [/usr/lib64]
  collapse library dir [/qfs/projects/ops/rh7_gpu/gcc/9.1.0/bin/../lib/gcc/x86_64-pc-linux-gnu/9.1.0/../../..] ==> [/qfs/projects/ops/rh7_gpu/gcc/9.1.0/lib]
  implicit libs: [gcc;gcc_s;c;gcc;gcc_s]
  implicit objs: [/lib64/crt1.o;/lib64/crti.o;/qfs/projects/ops/rh7_gpu/gcc/9.1.0/lib/gcc/x86_64-pc-linux-gnu/9.1.0/crtbegin.o;/qfs/projects/ops/rh7_gpu/gcc/9.1.0/lib/gcc/x86_64-pc-linux-gnu/9.1.0/crtend.o;/lib64/crtn.o]
  implicit dirs: [/qfs/projects/ops/rh7_gpu/gcc/9.1.0/lib/gcc/x86_64-pc-linux-gnu/9.1.0;/qfs/projects/ops/rh7_gpu/gcc/9.1.0/lib/gcc;/qfs/projects/ops/rh7_gpu/gcc/9.1.0/lib64;/lib64;/usr/lib64;/qfs/projects/ops/rh7_gpu/gcc/9.1.0/lib]
  implicit fwks: []


Detecting CXX compiler ABI info compiled with the following output:
Change Dir: /people/cann484/metab/CMakeFiles/CMakeTmp

Run Build Command(s):/usr/bin/gmake -f Makefile cmTC_5a03d/fast && /usr/bin/gmake  -f CMakeFiles/cmTC_5a03d.dir/build.make CMakeFiles/cmTC_5a03d.dir/build
gmake[1]: Entering directory `/qfs/people/cann484/metab/CMakeFiles/CMakeTmp'
Building CXX object CMakeFiles/cmTC_5a03d.dir/CMakeCXXCompilerABI.cpp.o
/share/apps/gcc/9.1.0/bin/g++   -v -o CMakeFiles/cmTC_5a03d.dir/CMakeCXXCompilerABI.cpp.o -c /qfs/projects/ops/rh7_gpu/rocmapps/views/cmake/3.21.4/share/cmake-3.21/Modules/CMakeCXXCompilerABI.cpp
Using built-in specs.
COLLECT_GCC=/share/apps/gcc/9.1.0/bin/g++
Target: x86_64-pc-linux-gnu
Configured with: ../configure --prefix=/share/apps/gcc/9.1.0 --disable-multilib
Thread model: posix
gcc version 9.1.0 (GCC) 
COLLECT_GCC_OPTIONS='-v' '-o' 'CMakeFiles/cmTC_5a03d.dir/CMakeCXXCompilerABI.cpp.o' '-c' '-shared-libgcc' '-mtune=generic' '-march=x86-64'
 /qfs/projects/ops/rh7_gpu/gcc/9.1.0/bin/../libexec/gcc/x86_64-pc-linux-gnu/9.1.0/cc1plus -quiet -v -iprefix /qfs/projects/ops/rh7_gpu/gcc/9.1.0/bin/../lib/gcc/x86_64-pc-linux-gnu/9.1.0/ -D_GNU_SOURCE /qfs/projects/ops/rh7_gpu/rocmapps/views/cmake/3.21.4/share/cmake-3.21/Modules/CMakeCXXCompilerABI.cpp -quiet -dumpbase CMakeCXXCompilerABI.cpp -mtune=generic -march=x86-64 -auxbase-strip CMakeFiles/cmTC_5a03d.dir/CMakeCXXCompilerABI.cpp.o -version -o /tmp/ccd9RhzS.s
GNU C++14 (GCC) version 9.1.0 (x86_64-pc-linux-gnu)
	compiled by GNU C version 9.1.0, GMP version 6.1.0, MPFR version 3.1.4, MPC version 1.0.3, isl version isl-0.18-GMP

GGC heuristics: --param ggc-min-expand=100 --param ggc-min-heapsize=131072
ignoring nonexistent directory "/qfs/projects/ops/rh7_gpu/gcc/9.1.0/bin/../lib/gcc/x86_64-pc-linux-gnu/9.1.0/../../../../x86_64-pc-linux-gnu/include"
ignoring duplicate directory "/qfs/projects/ops/rh7_gpu/gcc/9.1.0/bin/../lib/gcc/../../lib/gcc/x86_64-pc-linux-gnu/9.1.0/../../../../include/c++/9.1.0"
ignoring duplicate directory "/qfs/projects/ops/rh7_gpu/gcc/9.1.0/bin/../lib/gcc/../../lib/gcc/x86_64-pc-linux-gnu/9.1.0/../../../../include/c++/9.1.0/x86_64-pc-linux-gnu"
ignoring duplicate directory "/qfs/projects/ops/rh7_gpu/gcc/9.1.0/bin/../lib/gcc/../../lib/gcc/x86_64-pc-linux-gnu/9.1.0/../../../../include/c++/9.1.0/backward"
ignoring duplicate directory "/qfs/projects/ops/rh7_gpu/gcc/9.1.0/bin/../lib/gcc/../../lib/gcc/x86_64-pc-linux-gnu/9.1.0/include"
ignoring duplicate directory "/qfs/projects/ops/rh7_gpu/gcc/9.1.0/bin/../lib/gcc/../../lib/gcc/x86_64-pc-linux-gnu/9.1.0/include-fixed"
ignoring nonexistent directory "/qfs/projects/ops/rh7_gpu/gcc/9.1.0/bin/../lib/gcc/../../lib/gcc/x86_64-pc-linux-gnu/9.1.0/../../../../x86_64-pc-linux-gnu/include"
#include "..." search starts here:
#include <...> search starts here:
 /qfs/projects/ops/rh7_gpu/gcc/9.1.0/bin/../lib/gcc/x86_64-pc-linux-gnu/9.1.0/../../../../include/c++/9.1.0
 /qfs/projects/ops/rh7_gpu/gcc/9.1.0/bin/../lib/gcc/x86_64-pc-linux-gnu/9.1.0/../../../../include/c++/9.1.0/x86_64-pc-linux-gnu
 /qfs/projects/ops/rh7_gpu/gcc/9.1.0/bin/../lib/gcc/x86_64-pc-linux-gnu/9.1.0/../../../../include/c++/9.1.0/backward
 /qfs/projects/ops/rh7_gpu/gcc/9.1.0/bin/../lib/gcc/x86_64-pc-linux-gnu/9.1.0/include
 /qfs/projects/ops/rh7_gpu/gcc/9.1.0/bin/../lib/gcc/x86_64-pc-linux-gnu/9.1.0/include-fixed
 /usr/local/include
 /qfs/projects/ops/rh7_gpu/gcc/9.1.0/bin/../lib/gcc/../../include
 /usr/include
End of search list.
GNU C++14 (GCC) version 9.1.0 (x86_64-pc-linux-gnu)
	compiled by GNU C version 9.1.0, GMP version 6.1.0, MPFR version 3.1.4, MPC version 1.0.3, isl version isl-0.18-GMP

GGC heuristics: --param ggc-min-expand=100 --param ggc-min-heapsize=131072
Compiler executable checksum: e8e30b159fe7a90220c2ca9e88c1b0a3
COLLECT_GCC_OPTIONS='-v' '-o' 'CMakeFiles/cmTC_5a03d.dir/CMakeCXXCompilerABI.cpp.o' '-c' '-shared-libgcc' '-mtune=generic' '-march=x86-64'
 as -v --64 -o CMakeFiles/cmTC_5a03d.dir/CMakeCXXCompilerABI.cpp.o /tmp/ccd9RhzS.s
GNU assembler version 2.27 (x86_64-redhat-linux) using BFD version version 2.27-43.base.el7_8.1
COMPILER_PATH=/qfs/projects/ops/rh7_gpu/gcc/9.1.0/bin/../libexec/gcc/x86_64-pc-linux-gnu/9.1.0/:/qfs/projects/ops/rh7_gpu/gcc/9.1.0/bin/../libexec/gcc/
LIBRARY_PATH=/qfs/projects/ops/rh7_gpu/gcc/9.1.0/bin/../lib/gcc/x86_64-pc-linux-gnu/9.1.0/:/qfs/projects/ops/rh7_gpu/gcc/9.1.0/bin/../lib/gcc/:/qfs/projects/ops/rh7_gpu/gcc/9.1.0/bin/../lib/gcc/x86_64-pc-linux-gnu/9.1.0/../../../../lib64/:/lib/../lib64/:/usr/lib/../lib64/:/qfs/projects/ops/rh7_gpu/gcc/9.1.0/bin/../lib/gcc/x86_64-pc-linux-gnu/9.1.0/../../../:/lib/:/usr/lib/
COLLECT_GCC_OPTIONS='-v' '-o' 'CMakeFiles/cmTC_5a03d.dir/CMakeCXXCompilerABI.cpp.o' '-c' '-shared-libgcc' '-mtune=generic' '-march=x86-64'
Linking CXX executable cmTC_5a03d
/qfs/projects/ops/rh7_gpu/rocmapps/views/cmake/3.21.4/bin/cmake -E cmake_link_script CMakeFiles/cmTC_5a03d.dir/link.txt --verbose=1
/share/apps/gcc/9.1.0/bin/g++  -v -rdynamic CMakeFiles/cmTC_5a03d.dir/CMakeCXXCompilerABI.cpp.o -o cmTC_5a03d 
Using built-in specs.
COLLECT_GCC=/share/apps/gcc/9.1.0/bin/g++
COLLECT_LTO_WRAPPER=/qfs/projects/ops/rh7_gpu/gcc/9.1.0/bin/../libexec/gcc/x86_64-pc-linux-gnu/9.1.0/lto-wrapper
Target: x86_64-pc-linux-gnu
Configured with: ../configure --prefix=/share/apps/gcc/9.1.0 --disable-multilib
Thread model: posix
gcc version 9.1.0 (GCC) 
COMPILER_PATH=/qfs/projects/ops/rh7_gpu/gcc/9.1.0/bin/../libexec/gcc/x86_64-pc-linux-gnu/9.1.0/:/qfs/projects/ops/rh7_gpu/gcc/9.1.0/bin/../libexec/gcc/
LIBRARY_PATH=/qfs/projects/ops/rh7_gpu/gcc/9.1.0/bin/../lib/gcc/x86_64-pc-linux-gnu/9.1.0/:/qfs/projects/ops/rh7_gpu/gcc/9.1.0/bin/../lib/gcc/:/qfs/projects/ops/rh7_gpu/gcc/9.1.0/bin/../lib/gcc/x86_64-pc-linux-gnu/9.1.0/../../../../lib64/:/lib/../lib64/:/usr/lib/../lib64/:/qfs/projects/ops/rh7_gpu/gcc/9.1.0/bin/../lib/gcc/x86_64-pc-linux-gnu/9.1.0/../../../:/lib/:/usr/lib/
COLLECT_GCC_OPTIONS='-v' '-rdynamic' '-o' 'cmTC_5a03d' '-shared-libgcc' '-mtune=generic' '-march=x86-64'
 /qfs/projects/ops/rh7_gpu/gcc/9.1.0/bin/../libexec/gcc/x86_64-pc-linux-gnu/9.1.0/collect2 -plugin /qfs/projects/ops/rh7_gpu/gcc/9.1.0/bin/../libexec/gcc/x86_64-pc-linux-gnu/9.1.0/liblto_plugin.so -plugin-opt=/qfs/projects/ops/rh7_gpu/gcc/9.1.0/bin/../libexec/gcc/x86_64-pc-linux-gnu/9.1.0/lto-wrapper -plugin-opt=-fresolution=/tmp/ccQEcg8U.res -plugin-opt=-pass-through=-lgcc_s -plugin-opt=-pass-through=-lgcc -plugin-opt=-pass-through=-lc -plugin-opt=-pass-through=-lgcc_s -plugin-opt=-pass-through=-lgcc --eh-frame-hdr -m elf_x86_64 -export-dynamic -dynamic-linker /lib64/ld-linux-x86-64.so.2 -o cmTC_5a03d /lib/../lib64/crt1.o /lib/../lib64/crti.o /qfs/projects/ops/rh7_gpu/gcc/9.1.0/bin/../lib/gcc/x86_64-pc-linux-gnu/9.1.0/crtbegin.o -L/qfs/projects/ops/rh7_gpu/gcc/9.1.0/bin/../lib/gcc/x86_64-pc-linux-gnu/9.1.0 -L/qfs/projects/ops/rh7_gpu/gcc/9.1.0/bin/../lib/gcc -L/qfs/projects/ops/rh7_gpu/gcc/9.1.0/bin/../lib/gcc/x86_64-pc-linux-gnu/9.1.0/../../../../lib64 -L/lib/../lib64 -L/usr/lib/../lib64 -L/qfs/projects/ops/rh7_gpu/gcc/9.1.0/bin/../lib/gcc/x86_64-pc-linux-gnu/9.1.0/../../.. CMakeFiles/cmTC_5a03d.dir/CMakeCXXCompilerABI.cpp.o -lstdc++ -lm -lgcc_s -lgcc -lc -lgcc_s -lgcc /qfs/projects/ops/rh7_gpu/gcc/9.1.0/bin/../lib/gcc/x86_64-pc-linux-gnu/9.1.0/crtend.o /lib/../lib64/crtn.o
COLLECT_GCC_OPTIONS='-v' '-rdynamic' '-o' 'cmTC_5a03d' '-shared-libgcc' '-mtune=generic' '-march=x86-64'
gmake[1]: Leaving directory `/qfs/people/cann484/metab/CMakeFiles/CMakeTmp'



Parsed CXX implicit include dir info from above output: rv=done
  found start of include info
  found start of implicit include info
    add: [/qfs/projects/ops/rh7_gpu/gcc/9.1.0/bin/../lib/gcc/x86_64-pc-linux-gnu/9.1.0/../../../../include/c++/9.1.0]
    add: [/qfs/projects/ops/rh7_gpu/gcc/9.1.0/bin/../lib/gcc/x86_64-pc-linux-gnu/9.1.0/../../../../include/c++/9.1.0/x86_64-pc-linux-gnu]
    add: [/qfs/projects/ops/rh7_gpu/gcc/9.1.0/bin/../lib/gcc/x86_64-pc-linux-gnu/9.1.0/../../../../include/c++/9.1.0/backward]
    add: [/qfs/projects/ops/rh7_gpu/gcc/9.1.0/bin/../lib/gcc/x86_64-pc-linux-gnu/9.1.0/include]
    add: [/qfs/projects/ops/rh7_gpu/gcc/9.1.0/bin/../lib/gcc/x86_64-pc-linux-gnu/9.1.0/include-fixed]
    add: [/usr/local/include]
    add: [/qfs/projects/ops/rh7_gpu/gcc/9.1.0/bin/../lib/gcc/../../include]
    add: [/usr/include]
  end of search list found
  collapse include dir [/qfs/projects/ops/rh7_gpu/gcc/9.1.0/bin/../lib/gcc/x86_64-pc-linux-gnu/9.1.0/../../../../include/c++/9.1.0] ==> [/qfs/projects/ops/rh7_gpu/gcc/9.1.0/include/c++/9.1.0]
  collapse include dir [/qfs/projects/ops/rh7_gpu/gcc/9.1.0/bin/../lib/gcc/x86_64-pc-linux-gnu/9.1.0/../../../../include/c++/9.1.0/x86_64-pc-linux-gnu] ==> [/qfs/projects/ops/rh7_gpu/gcc/9.1.0/include/c++/9.1.0/x86_64-pc-linux-gnu]
  collapse include dir [/qfs/projects/ops/rh7_gpu/gcc/9.1.0/bin/../lib/gcc/x86_64-pc-linux-gnu/9.1.0/../../../../include/c++/9.1.0/backward] ==> [/qfs/projects/ops/rh7_gpu/gcc/9.1.0/include/c++/9.1.0/backward]
  collapse include dir [/qfs/projects/ops/rh7_gpu/gcc/9.1.0/bin/../lib/gcc/x86_64-pc-linux-gnu/9.1.0/include] ==> [/qfs/projects/ops/rh7_gpu/gcc/9.1.0/lib/gcc/x86_64-pc-linux-gnu/9.1.0/include]
  collapse include dir [/qfs/projects/ops/rh7_gpu/gcc/9.1.0/bin/../lib/gcc/x86_64-pc-linux-gnu/9.1.0/include-fixed] ==> [/qfs/projects/ops/rh7_gpu/gcc/9.1.0/lib/gcc/x86_64-pc-linux-gnu/9.1.0/include-fixed]
  collapse include dir [/usr/local/include] ==> [/usr/local/include]
  collapse include dir [/qfs/projects/ops/rh7_gpu/gcc/9.1.0/bin/../lib/gcc/../../include] ==> [/qfs/projects/ops/rh7_gpu/gcc/9.1.0/include]
  collapse include dir [/usr/include] ==> [/usr/include]
  implicit include dirs: [/qfs/projects/ops/rh7_gpu/gcc/9.1.0/include/c++/9.1.0;/qfs/projects/ops/rh7_gpu/gcc/9.1.0/include/c++/9.1.0/x86_64-pc-linux-gnu;/qfs/projects/ops/rh7_gpu/gcc/9.1.0/include/c++/9.1.0/backward;/qfs/projects/ops/rh7_gpu/gcc/9.1.0/lib/gcc/x86_64-pc-linux-gnu/9.1.0/include;/qfs/projects/ops/rh7_gpu/gcc/9.1.0/lib/gcc/x86_64-pc-linux-gnu/9.1.0/include-fixed;/usr/local/include;/qfs/projects/ops/rh7_gpu/gcc/9.1.0/include;/usr/include]


Parsed CXX implicit link information from above output:
  link line regex: [^( *|.*[/\])(ld|CMAKE_LINK_STARTFILE-NOTFOUND|([^/\]+-)?ld|collect2)[^/\]*( |$)]
  ignore line: [Change Dir: /people/cann484/metab/CMakeFiles/CMakeTmp]
  ignore line: []
  ignore line: [Run Build Command(s):/usr/bin/gmake -f Makefile cmTC_5a03d/fast && /usr/bin/gmake  -f CMakeFiles/cmTC_5a03d.dir/build.make CMakeFiles/cmTC_5a03d.dir/build]
  ignore line: [gmake[1]: Entering directory `/qfs/people/cann484/metab/CMakeFiles/CMakeTmp']
  ignore line: [Building CXX object CMakeFiles/cmTC_5a03d.dir/CMakeCXXCompilerABI.cpp.o]
  ignore line: [/share/apps/gcc/9.1.0/bin/g++   -v -o CMakeFiles/cmTC_5a03d.dir/CMakeCXXCompilerABI.cpp.o -c /qfs/projects/ops/rh7_gpu/rocmapps/views/cmake/3.21.4/share/cmake-3.21/Modules/CMakeCXXCompilerABI.cpp]
  ignore line: [Using built-in specs.]
  ignore line: [COLLECT_GCC=/share/apps/gcc/9.1.0/bin/g++]
  ignore line: [Target: x86_64-pc-linux-gnu]
  ignore line: [Configured with: ../configure --prefix=/share/apps/gcc/9.1.0 --disable-multilib]
  ignore line: [Thread model: posix]
  ignore line: [gcc version 9.1.0 (GCC) ]
  ignore line: [COLLECT_GCC_OPTIONS='-v' '-o' 'CMakeFiles/cmTC_5a03d.dir/CMakeCXXCompilerABI.cpp.o' '-c' '-shared-libgcc' '-mtune=generic' '-march=x86-64']
  ignore line: [ /qfs/projects/ops/rh7_gpu/gcc/9.1.0/bin/../libexec/gcc/x86_64-pc-linux-gnu/9.1.0/cc1plus -quiet -v -iprefix /qfs/projects/ops/rh7_gpu/gcc/9.1.0/bin/../lib/gcc/x86_64-pc-linux-gnu/9.1.0/ -D_GNU_SOURCE /qfs/projects/ops/rh7_gpu/rocmapps/views/cmake/3.21.4/share/cmake-3.21/Modules/CMakeCXXCompilerABI.cpp -quiet -dumpbase CMakeCXXCompilerABI.cpp -mtune=generic -march=x86-64 -auxbase-strip CMakeFiles/cmTC_5a03d.dir/CMakeCXXCompilerABI.cpp.o -version -o /tmp/ccd9RhzS.s]
  ignore line: [GNU C++14 (GCC) version 9.1.0 (x86_64-pc-linux-gnu)]
  ignore line: [	compiled by GNU C version 9.1.0  GMP version 6.1.0  MPFR version 3.1.4  MPC version 1.0.3  isl version isl-0.18-GMP]
  ignore line: []
  ignore line: [GGC heuristics: --param ggc-min-expand=100 --param ggc-min-heapsize=131072]
  ignore line: [ignoring nonexistent directory "/qfs/projects/ops/rh7_gpu/gcc/9.1.0/bin/../lib/gcc/x86_64-pc-linux-gnu/9.1.0/../../../../x86_64-pc-linux-gnu/include"]
  ignore line: [ignoring duplicate directory "/qfs/projects/ops/rh7_gpu/gcc/9.1.0/bin/../lib/gcc/../../lib/gcc/x86_64-pc-linux-gnu/9.1.0/../../../../include/c++/9.1.0"]
  ignore line: [ignoring duplicate directory "/qfs/projects/ops/rh7_gpu/gcc/9.1.0/bin/../lib/gcc/../../lib/gcc/x86_64-pc-linux-gnu/9.1.0/../../../../include/c++/9.1.0/x86_64-pc-linux-gnu"]
  ignore line: [ignoring duplicate directory "/qfs/projects/ops/rh7_gpu/gcc/9.1.0/bin/../lib/gcc/../../lib/gcc/x86_64-pc-linux-gnu/9.1.0/../../../../include/c++/9.1.0/backward"]
  ignore line: [ignoring duplicate directory "/qfs/projects/ops/rh7_gpu/gcc/9.1.0/bin/../lib/gcc/../../lib/gcc/x86_64-pc-linux-gnu/9.1.0/include"]
  ignore line: [ignoring duplicate directory "/qfs/projects/ops/rh7_gpu/gcc/9.1.0/bin/../lib/gcc/../../lib/gcc/x86_64-pc-linux-gnu/9.1.0/include-fixed"]
  ignore line: [ignoring nonexistent directory "/qfs/projects/ops/rh7_gpu/gcc/9.1.0/bin/../lib/gcc/../../lib/gcc/x86_64-pc-linux-gnu/9.1.0/../../../../x86_64-pc-linux-gnu/include"]
  ignore line: [#include "..." search starts here:]
  ignore line: [#include <...> search starts here:]
  ignore line: [ /qfs/projects/ops/rh7_gpu/gcc/9.1.0/bin/../lib/gcc/x86_64-pc-linux-gnu/9.1.0/../../../../include/c++/9.1.0]
  ignore line: [ /qfs/projects/ops/rh7_gpu/gcc/9.1.0/bin/../lib/gcc/x86_64-pc-linux-gnu/9.1.0/../../../../include/c++/9.1.0/x86_64-pc-linux-gnu]
  ignore line: [ /qfs/projects/ops/rh7_gpu/gcc/9.1.0/bin/../lib/gcc/x86_64-pc-linux-gnu/9.1.0/../../../../include/c++/9.1.0/backward]
  ignore line: [ /qfs/projects/ops/rh7_gpu/gcc/9.1.0/bin/../lib/gcc/x86_64-pc-linux-gnu/9.1.0/include]
  ignore line: [ /qfs/projects/ops/rh7_gpu/gcc/9.1.0/bin/../lib/gcc/x86_64-pc-linux-gnu/9.1.0/include-fixed]
  ignore line: [ /usr/local/include]
  ignore line: [ /qfs/projects/ops/rh7_gpu/gcc/9.1.0/bin/../lib/gcc/../../include]
  ignore line: [ /usr/include]
  ignore line: [End of search list.]
  ignore line: [GNU C++14 (GCC) version 9.1.0 (x86_64-pc-linux-gnu)]
  ignore line: [	compiled by GNU C version 9.1.0  GMP version 6.1.0  MPFR version 3.1.4  MPC version 1.0.3  isl version isl-0.18-GMP]
  ignore line: []
  ignore line: [GGC heuristics: --param ggc-min-expand=100 --param ggc-min-heapsize=131072]
  ignore line: [Compiler executable checksum: e8e30b159fe7a90220c2ca9e88c1b0a3]
  ignore line: [COLLECT_GCC_OPTIONS='-v' '-o' 'CMakeFiles/cmTC_5a03d.dir/CMakeCXXCompilerABI.cpp.o' '-c' '-shared-libgcc' '-mtune=generic' '-march=x86-64']
  ignore line: [ as -v --64 -o CMakeFiles/cmTC_5a03d.dir/CMakeCXXCompilerABI.cpp.o /tmp/ccd9RhzS.s]
  ignore line: [GNU assembler version 2.27 (x86_64-redhat-linux) using BFD version version 2.27-43.base.el7_8.1]
  ignore line: [COMPILER_PATH=/qfs/projects/ops/rh7_gpu/gcc/9.1.0/bin/../libexec/gcc/x86_64-pc-linux-gnu/9.1.0/:/qfs/projects/ops/rh7_gpu/gcc/9.1.0/bin/../libexec/gcc/]
  ignore line: [LIBRARY_PATH=/qfs/projects/ops/rh7_gpu/gcc/9.1.0/bin/../lib/gcc/x86_64-pc-linux-gnu/9.1.0/:/qfs/projects/ops/rh7_gpu/gcc/9.1.0/bin/../lib/gcc/:/qfs/projects/ops/rh7_gpu/gcc/9.1.0/bin/../lib/gcc/x86_64-pc-linux-gnu/9.1.0/../../../../lib64/:/lib/../lib64/:/usr/lib/../lib64/:/qfs/projects/ops/rh7_gpu/gcc/9.1.0/bin/../lib/gcc/x86_64-pc-linux-gnu/9.1.0/../../../:/lib/:/usr/lib/]
  ignore line: [COLLECT_GCC_OPTIONS='-v' '-o' 'CMakeFiles/cmTC_5a03d.dir/CMakeCXXCompilerABI.cpp.o' '-c' '-shared-libgcc' '-mtune=generic' '-march=x86-64']
  ignore line: [Linking CXX executable cmTC_5a03d]
  ignore line: [/qfs/projects/ops/rh7_gpu/rocmapps/views/cmake/3.21.4/bin/cmake -E cmake_link_script CMakeFiles/cmTC_5a03d.dir/link.txt --verbose=1]
  ignore line: [/share/apps/gcc/9.1.0/bin/g++  -v -rdynamic CMakeFiles/cmTC_5a03d.dir/CMakeCXXCompilerABI.cpp.o -o cmTC_5a03d ]
  ignore line: [Using built-in specs.]
  ignore line: [COLLECT_GCC=/share/apps/gcc/9.1.0/bin/g++]
  ignore line: [COLLECT_LTO_WRAPPER=/qfs/projects/ops/rh7_gpu/gcc/9.1.0/bin/../libexec/gcc/x86_64-pc-linux-gnu/9.1.0/lto-wrapper]
  ignore line: [Target: x86_64-pc-linux-gnu]
  ignore line: [Configured with: ../configure --prefix=/share/apps/gcc/9.1.0 --disable-multilib]
  ignore line: [Thread model: posix]
  ignore line: [gcc version 9.1.0 (GCC) ]
  ignore line: [COMPILER_PATH=/qfs/projects/ops/rh7_gpu/gcc/9.1.0/bin/../libexec/gcc/x86_64-pc-linux-gnu/9.1.0/:/qfs/projects/ops/rh7_gpu/gcc/9.1.0/bin/../libexec/gcc/]
  ignore line: [LIBRARY_PATH=/qfs/projects/ops/rh7_gpu/gcc/9.1.0/bin/../lib/gcc/x86_64-pc-linux-gnu/9.1.0/:/qfs/projects/ops/rh7_gpu/gcc/9.1.0/bin/../lib/gcc/:/qfs/projects/ops/rh7_gpu/gcc/9.1.0/bin/../lib/gcc/x86_64-pc-linux-gnu/9.1.0/../../../../lib64/:/lib/../lib64/:/usr/lib/../lib64/:/qfs/projects/ops/rh7_gpu/gcc/9.1.0/bin/../lib/gcc/x86_64-pc-linux-gnu/9.1.0/../../../:/lib/:/usr/lib/]
  ignore line: [COLLECT_GCC_OPTIONS='-v' '-rdynamic' '-o' 'cmTC_5a03d' '-shared-libgcc' '-mtune=generic' '-march=x86-64']
  link line: [ /qfs/projects/ops/rh7_gpu/gcc/9.1.0/bin/../libexec/gcc/x86_64-pc-linux-gnu/9.1.0/collect2 -plugin /qfs/projects/ops/rh7_gpu/gcc/9.1.0/bin/../libexec/gcc/x86_64-pc-linux-gnu/9.1.0/liblto_plugin.so -plugin-opt=/qfs/projects/ops/rh7_gpu/gcc/9.1.0/bin/../libexec/gcc/x86_64-pc-linux-gnu/9.1.0/lto-wrapper -plugin-opt=-fresolution=/tmp/ccQEcg8U.res -plugin-opt=-pass-through=-lgcc_s -plugin-opt=-pass-through=-lgcc -plugin-opt=-pass-through=-lc -plugin-opt=-pass-through=-lgcc_s -plugin-opt=-pass-through=-lgcc --eh-frame-hdr -m elf_x86_64 -export-dynamic -dynamic-linker /lib64/ld-linux-x86-64.so.2 -o cmTC_5a03d /lib/../lib64/crt1.o /lib/../lib64/crti.o /qfs/projects/ops/rh7_gpu/gcc/9.1.0/bin/../lib/gcc/x86_64-pc-linux-gnu/9.1.0/crtbegin.o -L/qfs/projects/ops/rh7_gpu/gcc/9.1.0/bin/../lib/gcc/x86_64-pc-linux-gnu/9.1.0 -L/qfs/projects/ops/rh7_gpu/gcc/9.1.0/bin/../lib/gcc -L/qfs/projects/ops/rh7_gpu/gcc/9.1.0/bin/../lib/gcc/x86_64-pc-linux-gnu/9.1.0/../../../../lib64 -L/lib/../lib64 -L/usr/lib/../lib64 -L/qfs/projects/ops/rh7_gpu/gcc/9.1.0/bin/../lib/gcc/x86_64-pc-linux-gnu/9.1.0/../../.. CMakeFiles/cmTC_5a03d.dir/CMakeCXXCompilerABI.cpp.o -lstdc++ -lm -lgcc_s -lgcc -lc -lgcc_s -lgcc /qfs/projects/ops/rh7_gpu/gcc/9.1.0/bin/../lib/gcc/x86_64-pc-linux-gnu/9.1.0/crtend.o /lib/../lib64/crtn.o]
    arg [/qfs/projects/ops/rh7_gpu/gcc/9.1.0/bin/../libexec/gcc/x86_64-pc-linux-gnu/9.1.0/collect2] ==> ignore
    arg [-plugin] ==> ignore
    arg [/qfs/projects/ops/rh7_gpu/gcc/9.1.0/bin/../libexec/gcc/x86_64-pc-linux-gnu/9.1.0/liblto_plugin.so] ==> ignore
    arg [-plugin-opt=/qfs/projects/ops/rh7_gpu/gcc/9.1.0/bin/../libexec/gcc/x86_64-pc-linux-gnu/9.1.0/lto-wrapper] ==> ignore
    arg [-plugin-opt=-fresolution=/tmp/ccQEcg8U.res] ==> ignore
    arg [-plugin-opt=-pass-through=-lgcc_s] ==> ignore
    arg [-plugin-opt=-pass-through=-lgcc] ==> ignore
    arg [-plugin-opt=-pass-through=-lc] ==> ignore
    arg [-plugin-opt=-pass-through=-lgcc_s] ==> ignore
    arg [-plugin-opt=-pass-through=-lgcc] ==> ignore
    arg [--eh-frame-hdr] ==> ignore
    arg [-m] ==> ignore
    arg [elf_x86_64] ==> ignore
    arg [-export-dynamic] ==> ignore
    arg [-dynamic-linker] ==> ignore
    arg [/lib64/ld-linux-x86-64.so.2] ==> ignore
    arg [-o] ==> ignore
    arg [cmTC_5a03d] ==> ignore
    arg [/lib/../lib64/crt1.o] ==> obj [/lib/../lib64/crt1.o]
    arg [/lib/../lib64/crti.o] ==> obj [/lib/../lib64/crti.o]
    arg [/qfs/projects/ops/rh7_gpu/gcc/9.1.0/bin/../lib/gcc/x86_64-pc-linux-gnu/9.1.0/crtbegin.o] ==> obj [/qfs/projects/ops/rh7_gpu/gcc/9.1.0/bin/../lib/gcc/x86_64-pc-linux-gnu/9.1.0/crtbegin.o]
    arg [-L/qfs/projects/ops/rh7_gpu/gcc/9.1.0/bin/../lib/gcc/x86_64-pc-linux-gnu/9.1.0] ==> dir [/qfs/projects/ops/rh7_gpu/gcc/9.1.0/bin/../lib/gcc/x86_64-pc-linux-gnu/9.1.0]
    arg [-L/qfs/projects/ops/rh7_gpu/gcc/9.1.0/bin/../lib/gcc] ==> dir [/qfs/projects/ops/rh7_gpu/gcc/9.1.0/bin/../lib/gcc]
    arg [-L/qfs/projects/ops/rh7_gpu/gcc/9.1.0/bin/../lib/gcc/x86_64-pc-linux-gnu/9.1.0/../../../../lib64] ==> dir [/qfs/projects/ops/rh7_gpu/gcc/9.1.0/bin/../lib/gcc/x86_64-pc-linux-gnu/9.1.0/../../../../lib64]
    arg [-L/lib/../lib64] ==> dir [/lib/../lib64]
    arg [-L/usr/lib/../lib64] ==> dir [/usr/lib/../lib64]
    arg [-L/qfs/projects/ops/rh7_gpu/gcc/9.1.0/bin/../lib/gcc/x86_64-pc-linux-gnu/9.1.0/../../..] ==> dir [/qfs/projects/ops/rh7_gpu/gcc/9.1.0/bin/../lib/gcc/x86_64-pc-linux-gnu/9.1.0/../../..]
    arg [CMakeFiles/cmTC_5a03d.dir/CMakeCXXCompilerABI.cpp.o] ==> ignore
    arg [-lstdc++] ==> lib [stdc++]
    arg [-lm] ==> lib [m]
    arg [-lgcc_s] ==> lib [gcc_s]
    arg [-lgcc] ==> lib [gcc]
    arg [-lc] ==> lib [c]
    arg [-lgcc_s] ==> lib [gcc_s]
    arg [-lgcc] ==> lib [gcc]
    arg [/qfs/projects/ops/rh7_gpu/gcc/9.1.0/bin/../lib/gcc/x86_64-pc-linux-gnu/9.1.0/crtend.o] ==> obj [/qfs/projects/ops/rh7_gpu/gcc/9.1.0/bin/../lib/gcc/x86_64-pc-linux-gnu/9.1.0/crtend.o]
    arg [/lib/../lib64/crtn.o] ==> obj [/lib/../lib64/crtn.o]
  collapse obj [/lib/../lib64/crt1.o] ==> [/lib64/crt1.o]
  collapse obj [/lib/../lib64/crti.o] ==> [/lib64/crti.o]
  collapse obj [/qfs/projects/ops/rh7_gpu/gcc/9.1.0/bin/../lib/gcc/x86_64-pc-linux-gnu/9.1.0/crtbegin.o] ==> [/qfs/projects/ops/rh7_gpu/gcc/9.1.0/lib/gcc/x86_64-pc-linux-gnu/9.1.0/crtbegin.o]
  collapse obj [/qfs/projects/ops/rh7_gpu/gcc/9.1.0/bin/../lib/gcc/x86_64-pc-linux-gnu/9.1.0/crtend.o] ==> [/qfs/projects/ops/rh7_gpu/gcc/9.1.0/lib/gcc/x86_64-pc-linux-gnu/9.1.0/crtend.o]
  collapse obj [/lib/../lib64/crtn.o] ==> [/lib64/crtn.o]
  collapse library dir [/qfs/projects/ops/rh7_gpu/gcc/9.1.0/bin/../lib/gcc/x86_64-pc-linux-gnu/9.1.0] ==> [/qfs/projects/ops/rh7_gpu/gcc/9.1.0/lib/gcc/x86_64-pc-linux-gnu/9.1.0]
  collapse library dir [/qfs/projects/ops/rh7_gpu/gcc/9.1.0/bin/../lib/gcc] ==> [/qfs/projects/ops/rh7_gpu/gcc/9.1.0/lib/gcc]
  collapse library dir [/qfs/projects/ops/rh7_gpu/gcc/9.1.0/bin/../lib/gcc/x86_64-pc-linux-gnu/9.1.0/../../../../lib64] ==> [/qfs/projects/ops/rh7_gpu/gcc/9.1.0/lib64]
  collapse library dir [/lib/../lib64] ==> [/lib64]
  collapse library dir [/usr/lib/../lib64] ==> [/usr/lib64]
  collapse library dir [/qfs/projects/ops/rh7_gpu/gcc/9.1.0/bin/../lib/gcc/x86_64-pc-linux-gnu/9.1.0/../../..] ==> [/qfs/projects/ops/rh7_gpu/gcc/9.1.0/lib]
  implicit libs: [stdc++;m;gcc_s;gcc;c;gcc_s;gcc]
  implicit objs: [/lib64/crt1.o;/lib64/crti.o;/qfs/projects/ops/rh7_gpu/gcc/9.1.0/lib/gcc/x86_64-pc-linux-gnu/9.1.0/crtbegin.o;/qfs/projects/ops/rh7_gpu/gcc/9.1.0/lib/gcc/x86_64-pc-linux-gnu/9.1.0/crtend.o;/lib64/crtn.o]
  implicit dirs: [/qfs/projects/ops/rh7_gpu/gcc/9.1.0/lib/gcc/x86_64-pc-linux-gnu/9.1.0;/qfs/projects/ops/rh7_gpu/gcc/9.1.0/lib/gcc;/qfs/projects/ops/rh7_gpu/gcc/9.1.0/lib64;/lib64;/usr/lib64;/qfs/projects/ops/rh7_gpu/gcc/9.1.0/lib]
  implicit fwks: []


