Performing C++ SOURCE FILE Test COMPILER_SUPPORT_Wshorten64to32 failed with the following output:
Change Dir: /people/cann484/metab/build/CMakeFiles/CMakeTmp

Run Build Command(s):/usr/bin/gmake -f Makefile cmTC_9db14/fast && /usr/bin/gmake  -f CMakeFiles/cmTC_9db14.dir/build.make CMakeFiles/cmTC_9db14.dir/build
gmake[1]: Entering directory `/qfs/people/cann484/metab/build/CMakeFiles/CMakeTmp'
Building CXX object CMakeFiles/cmTC_9db14.dir/src.cxx.o
/share/apps/gcc/9.1.0/bin/g++ -DCOMPILER_SUPPORT_Wshorten64to32  -std=c++03 -pedantic -Wall -Wextra -Wundef -Wcast-align -Wchar-subscripts -Wnon-virtual-dtor -Wunused-local-typedefs -Wpointer-arith -Wwrite-strings -Wformat-security -Werror   -Wshorten-64-to-32 -o CMakeFiles/cmTC_9db14.dir/src.cxx.o -c /people/cann484/metab/build/CMakeFiles/CMakeTmp/src.cxx
g++: error: unrecognized command line option '-Wshorten-64-to-32'
gmake[1]: *** [CMakeFiles/cmTC_9db14.dir/src.cxx.o] Error 1
gmake[1]: Leaving directory `/qfs/people/cann484/metab/build/CMakeFiles/CMakeTmp'
gmake: *** [cmTC_9db14/fast] Error 2


Source file was:
int main() { return 0; }
Performing C++ SOURCE FILE Test COMPILER_SUPPORT_Wenumconversion failed with the following output:
Change Dir: /people/cann484/metab/build/CMakeFiles/CMakeTmp

Run Build Command(s):/usr/bin/gmake -f Makefile cmTC_1ab47/fast && /usr/bin/gmake  -f CMakeFiles/cmTC_1ab47.dir/build.make CMakeFiles/cmTC_1ab47.dir/build
gmake[1]: Entering directory `/qfs/people/cann484/metab/build/CMakeFiles/CMakeTmp'
Building CXX object CMakeFiles/cmTC_1ab47.dir/src.cxx.o
/share/apps/gcc/9.1.0/bin/g++ -DCOMPILER_SUPPORT_Wenumconversion  -std=c++03 -pedantic -Wall -Wextra -Wundef -Wcast-align -Wchar-subscripts -Wnon-virtual-dtor -Wunused-local-typedefs -Wpointer-arith -Wwrite-strings -Wformat-security -Wlogical-op -Werror   -Wenum-conversion -o CMakeFiles/cmTC_1ab47.dir/src.cxx.o -c /people/cann484/metab/build/CMakeFiles/CMakeTmp/src.cxx
g++: error: unrecognized command line option '-Wenum-conversion'; did you mean '-Wno-conversion'?
gmake[1]: *** [CMakeFiles/cmTC_1ab47.dir/src.cxx.o] Error 1
gmake[1]: Leaving directory `/qfs/people/cann484/metab/build/CMakeFiles/CMakeTmp'
gmake: *** [cmTC_1ab47/fast] Error 2


Source file was:
int main() { return 0; }
Performing C++ SOURCE FILE Test COMPILER_SUPPORT_Wcpp11extensions failed with the following output:
Change Dir: /people/cann484/metab/build/CMakeFiles/CMakeTmp

Run Build Command(s):/usr/bin/gmake -f Makefile cmTC_26870/fast && /usr/bin/gmake  -f CMakeFiles/cmTC_26870.dir/build.make CMakeFiles/cmTC_26870.dir/build
gmake[1]: Entering directory `/qfs/people/cann484/metab/build/CMakeFiles/CMakeTmp'
Building CXX object CMakeFiles/cmTC_26870.dir/src.cxx.o
/share/apps/gcc/9.1.0/bin/g++ -DCOMPILER_SUPPORT_Wcpp11extensions  -std=c++03 -pedantic -Wall -Wextra -Wundef -Wcast-align -Wchar-subscripts -Wnon-virtual-dtor -Wunused-local-typedefs -Wpointer-arith -Wwrite-strings -Wformat-security -Wlogical-op -Werror   -Wc++11-extensions -o CMakeFiles/cmTC_26870.dir/src.cxx.o -c /people/cann484/metab/build/CMakeFiles/CMakeTmp/src.cxx
g++: error: unrecognized command line option '-Wc++11-extensions'; did you mean '-fms-extensions'?
gmake[1]: *** [CMakeFiles/cmTC_26870.dir/src.cxx.o] Error 1
gmake[1]: Leaving directory `/qfs/people/cann484/metab/build/CMakeFiles/CMakeTmp'
gmake: *** [cmTC_26870/fast] Error 2


Source file was:
int main() { return 0; }
Performing C++ SOURCE FILE Test COMPILER_SUPPORT_wd981 failed with the following output:
Change Dir: /people/cann484/metab/build/CMakeFiles/CMakeTmp

Run Build Command(s):/usr/bin/gmake -f Makefile cmTC_39113/fast && /usr/bin/gmake  -f CMakeFiles/cmTC_39113.dir/build.make CMakeFiles/cmTC_39113.dir/build
gmake[1]: Entering directory `/qfs/people/cann484/metab/build/CMakeFiles/CMakeTmp'
Building CXX object CMakeFiles/cmTC_39113.dir/src.cxx.o
/share/apps/gcc/9.1.0/bin/g++ -DCOMPILER_SUPPORT_wd981  -std=c++03 -pedantic -Wall -Wextra -Wundef -Wcast-align -Wchar-subscripts -Wnon-virtual-dtor -Wunused-local-typedefs -Wpointer-arith -Wwrite-strings -Wformat-security -Wlogical-op -Wdouble-promotion -Wshadow -Wno-psabi -Wno-variadic-macros -Wno-long-long -fno-check-new -fno-common -fstrict-aliasing -Werror   -wd981 -o CMakeFiles/cmTC_39113.dir/src.cxx.o -c /people/cann484/metab/build/CMakeFiles/CMakeTmp/src.cxx
g++: error: unrecognized command line option '-wd981'
gmake[1]: *** [CMakeFiles/cmTC_39113.dir/src.cxx.o] Error 1
gmake[1]: Leaving directory `/qfs/people/cann484/metab/build/CMakeFiles/CMakeTmp'
gmake: *** [cmTC_39113/fast] Error 2


Source file was:
int main() { return 0; }
Performing C++ SOURCE FILE Test COMPILER_SUPPORT_wd2304 failed with the following output:
Change Dir: /people/cann484/metab/build/CMakeFiles/CMakeTmp

Run Build Command(s):/usr/bin/gmake -f Makefile cmTC_c483b/fast && /usr/bin/gmake  -f CMakeFiles/cmTC_c483b.dir/build.make CMakeFiles/cmTC_c483b.dir/build
gmake[1]: Entering directory `/qfs/people/cann484/metab/build/CMakeFiles/CMakeTmp'
Building CXX object CMakeFiles/cmTC_c483b.dir/src.cxx.o
/share/apps/gcc/9.1.0/bin/g++ -DCOMPILER_SUPPORT_wd2304  -std=c++03 -pedantic -Wall -Wextra -Wundef -Wcast-align -Wchar-subscripts -Wnon-virtual-dtor -Wunused-local-typedefs -Wpointer-arith -Wwrite-strings -Wformat-security -Wlogical-op -Wdouble-promotion -Wshadow -Wno-psabi -Wno-variadic-macros -Wno-long-long -fno-check-new -fno-common -fstrict-aliasing -Werror   -wd2304 -o CMakeFiles/cmTC_c483b.dir/src.cxx.o -c /people/cann484/metab/build/CMakeFiles/CMakeTmp/src.cxx
g++: error: unrecognized command line option '-wd2304'
gmake[1]: *** [CMakeFiles/cmTC_c483b.dir/src.cxx.o] Error 1
gmake[1]: Leaving directory `/qfs/people/cann484/metab/build/CMakeFiles/CMakeTmp'
gmake: *** [cmTC_c483b/fast] Error 2


Source file was:
int main() { return 0; }
Performing C++ SOURCE FILE Test COMPILER_SUPPORT_STRICTANSI failed with the following output:
Change Dir: /people/cann484/metab/build/CMakeFiles/CMakeTmp

Run Build Command(s):/usr/bin/gmake -f Makefile cmTC_1603f/fast && /usr/bin/gmake  -f CMakeFiles/cmTC_1603f.dir/build.make CMakeFiles/cmTC_1603f.dir/build
gmake[1]: Entering directory `/qfs/people/cann484/metab/build/CMakeFiles/CMakeTmp'
Building CXX object CMakeFiles/cmTC_1603f.dir/src.cxx.o
/share/apps/gcc/9.1.0/bin/g++ -DCOMPILER_SUPPORT_STRICTANSI  -std=c++03 -pedantic -Wall -Wextra -Wundef -Wcast-align -Wchar-subscripts -Wnon-virtual-dtor -Wunused-local-typedefs -Wpointer-arith -Wwrite-strings -Wformat-security -Wlogical-op -Wdouble-promotion -Wshadow -Wno-psabi -Wno-variadic-macros -Wno-long-long -fno-check-new -fno-common -fstrict-aliasing -Werror   -strict-ansi -o CMakeFiles/cmTC_1603f.dir/src.cxx.o -c /people/cann484/metab/build/CMakeFiles/CMakeTmp/src.cxx
g++: error: unrecognized command line option '-strict-ansi'; did you mean '-fstrict-enums'?
gmake[1]: *** [CMakeFiles/cmTC_1603f.dir/src.cxx.o] Error 1
gmake[1]: Leaving directory `/qfs/people/cann484/metab/build/CMakeFiles/CMakeTmp'
gmake: *** [cmTC_1603f/fast] Error 2


Source file was:
int main() { return 0; }
Performing C++ SOURCE FILE Test COMPILER_SUPPORT_Qunusedarguments failed with the following output:
Change Dir: /people/cann484/metab/build/CMakeFiles/CMakeTmp

Run Build Command(s):/usr/bin/gmake -f Makefile cmTC_c34de/fast && /usr/bin/gmake  -f CMakeFiles/cmTC_c34de.dir/build.make CMakeFiles/cmTC_c34de.dir/build
gmake[1]: Entering directory `/qfs/people/cann484/metab/build/CMakeFiles/CMakeTmp'
Building CXX object CMakeFiles/cmTC_c34de.dir/src.cxx.o
/share/apps/gcc/9.1.0/bin/g++ -DCOMPILER_SUPPORT_Qunusedarguments  -std=c++03 -pedantic -Wall -Wextra -Wundef -Wcast-align -Wchar-subscripts -Wnon-virtual-dtor -Wunused-local-typedefs -Wpointer-arith -Wwrite-strings -Wformat-security -Wlogical-op -Wdouble-promotion -Wshadow -Wno-psabi -Wno-variadic-macros -Wno-long-long -fno-check-new -fno-common -fstrict-aliasing -Werror   -Qunused-arguments -o CMakeFiles/cmTC_c34de.dir/src.cxx.o -c /people/cann484/metab/build/CMakeFiles/CMakeTmp/src.cxx
g++: error: unrecognized command line option '-Qunused-arguments'
gmake[1]: *** [CMakeFiles/cmTC_c34de.dir/src.cxx.o] Error 1
gmake[1]: Leaving directory `/qfs/people/cann484/metab/build/CMakeFiles/CMakeTmp'
gmake: *** [cmTC_c34de/fast] Error 2


Source file was:
int main() { return 0; }
Performing C SOURCE FILE Test CMAKE_HAVE_LIBC_PTHREAD failed with the following output:
Change Dir: /people/cann484/metab/build/CMakeFiles/CMakeTmp

Run Build Command(s):/usr/bin/gmake -f Makefile cmTC_1848f/fast && /usr/bin/gmake  -f CMakeFiles/cmTC_1848f.dir/build.make CMakeFiles/cmTC_1848f.dir/build
gmake[1]: Entering directory `/qfs/people/cann484/metab/build/CMakeFiles/CMakeTmp'
Building C object CMakeFiles/cmTC_1848f.dir/src.c.o
/share/apps/gcc/9.1.0/bin/gcc -DCMAKE_HAVE_LIBC_PTHREAD   -o CMakeFiles/cmTC_1848f.dir/src.c.o -c /people/cann484/metab/build/CMakeFiles/CMakeTmp/src.c
Linking C executable cmTC_1848f
/qfs/projects/ops/rh7_gpu/rocmapps/views/cmake/3.21.4/bin/cmake -E cmake_link_script CMakeFiles/cmTC_1848f.dir/link.txt --verbose=1
/share/apps/gcc/9.1.0/bin/gcc CMakeFiles/cmTC_1848f.dir/src.c.o -o cmTC_1848f 
CMakeFiles/cmTC_1848f.dir/src.c.o: In function `main':
src.c:(.text+0x2d): undefined reference to `pthread_create'
src.c:(.text+0x39): undefined reference to `pthread_detach'
src.c:(.text+0x45): undefined reference to `pthread_cancel'
src.c:(.text+0x56): undefined reference to `pthread_join'
src.c:(.text+0x6a): undefined reference to `pthread_atfork'
collect2: error: ld returned 1 exit status
gmake[1]: *** [cmTC_1848f] Error 1
gmake[1]: Leaving directory `/qfs/people/cann484/metab/build/CMakeFiles/CMakeTmp'
gmake: *** [cmTC_1848f/fast] Error 2


Source file was:
#include <pthread.h>

static void* test_func(void* data)
{
  return data;
}

int main(void)
{
  pthread_t thread;
  pthread_create(&thread, NULL, test_func, NULL);
  pthread_detach(thread);
  pthread_cancel(thread);
  pthread_join(thread, NULL);
  pthread_atfork(NULL, NULL, NULL);
  pthread_exit(NULL);

  return 0;
}

Determining if the function pthread_create exists in the pthreads failed with the following output:
Change Dir: /people/cann484/metab/build/CMakeFiles/CMakeTmp

Run Build Command(s):/usr/bin/gmake -f Makefile cmTC_784f6/fast && /usr/bin/gmake  -f CMakeFiles/cmTC_784f6.dir/build.make CMakeFiles/cmTC_784f6.dir/build
gmake[1]: Entering directory `/qfs/people/cann484/metab/build/CMakeFiles/CMakeTmp'
Building C object CMakeFiles/cmTC_784f6.dir/CheckFunctionExists.c.o
/share/apps/gcc/9.1.0/bin/gcc   -DCHECK_FUNCTION_EXISTS=pthread_create -o CMakeFiles/cmTC_784f6.dir/CheckFunctionExists.c.o -c /qfs/projects/ops/rh7_gpu/rocmapps/views/cmake/3.21.4/share/cmake-3.21/Modules/CheckFunctionExists.c
Linking C executable cmTC_784f6
/qfs/projects/ops/rh7_gpu/rocmapps/views/cmake/3.21.4/bin/cmake -E cmake_link_script CMakeFiles/cmTC_784f6.dir/link.txt --verbose=1
/share/apps/gcc/9.1.0/bin/gcc  -DCHECK_FUNCTION_EXISTS=pthread_create CMakeFiles/cmTC_784f6.dir/CheckFunctionExists.c.o -o cmTC_784f6  -lpthreads 
/usr/bin/ld: cannot find -lpthreads
collect2: error: ld returned 1 exit status
gmake[1]: *** [cmTC_784f6] Error 1
gmake[1]: Leaving directory `/qfs/people/cann484/metab/build/CMakeFiles/CMakeTmp'
gmake: *** [cmTC_784f6/fast] Error 2



